<?xml version="1.0" encoding="UTF-8"?>
<!-- Generated by org.testng.reporters.JUnitReportReporter -->
<testsuite skipped="0" hostname="LAPTOP-GHIJIVIR" name="Test.OpenBrowser" tests="1" failures="0" timestamp="2020-02-06T13:59:06 IST" time="67.052" errors="0">
  <testcase name="execute" time="67.052" classname="Test.OpenBrowser"/>
</testsuite> <!-- Test.OpenBrowser -->
