<?xml version="1.0" encoding="UTF-8"?>
<!-- Generated by org.testng.reporters.JUnitReportReporter -->
<testsuite skipped="0" hostname="LAPTOP-GHIJIVIR" name="Test.OpenBrowser" tests="1" failures="0" timestamp="2020-02-06T14:25:48 IST" time="93.944" errors="0">
  <testcase name="execute" time="93.944" classname="Test.OpenBrowser"/>
</testsuite> <!-- Test.OpenBrowser -->
